0 info it worked if it ends with ok
1 verbose cli [ 'C:\\Program Files\\nodejs\\node.exe',
1 verbose cli   'C:\\Program Files\\nodejs\\node_modules\\npm\\bin\\npm-cli.js',
1 verbose cli   'install',
1 verbose cli   '-g',
1 verbose cli   'localhost-server' ]
2 info using npm@3.10.10
3 info using node@v6.11.0
4 silly loadCurrentTree Starting
5 silly install loadCurrentTree
6 silly install readGlobalPackageData
7 silly fetchPackageMetaData localhost-server
8 silly fetchNamedPackageData localhost-server
9 silly mapToRegistry name localhost-server
10 silly mapToRegistry using default registry
11 silly mapToRegistry registry https://registry.npmjs.org/
12 silly mapToRegistry data Result {
12 silly mapToRegistry   raw: 'localhost-server',
12 silly mapToRegistry   scope: null,
12 silly mapToRegistry   escapedName: 'localhost-server',
12 silly mapToRegistry   name: 'localhost-server',
12 silly mapToRegistry   rawSpec: '',
12 silly mapToRegistry   spec: 'latest',
12 silly mapToRegistry   type: 'tag' }
13 silly mapToRegistry uri https://registry.npmjs.org/localhost-server
14 verbose request uri https://registry.npmjs.org/localhost-server
15 verbose request no auth needed
16 info attempt registry request try #1 at 16:44:24
17 verbose request id b3b174e0a686d6c5
18 http request GET https://registry.npmjs.org/localhost-server
19 info retry will retry, error on last attempt: Error: connect ETIMEDOUT 151.101.48.162:443
20 info attempt registry request try #2 at 16:44:55
21 http request GET https://registry.npmjs.org/localhost-server
22 info retry will retry, error on last attempt: Error: connect ETIMEDOUT 151.101.48.162:443
23 info attempt registry request try #3 at 16:46:16
24 http request GET https://registry.npmjs.org/localhost-server
25 silly fetchPackageMetaData Error: connect ETIMEDOUT 151.101.48.162:443
25 silly fetchPackageMetaData     at Object.exports._errnoException (util.js:1018:11)
25 silly fetchPackageMetaData     at exports._exceptionWithHostPort (util.js:1041:20)
25 silly fetchPackageMetaData     at TCPConnectWrap.afterConnect [as oncomplete] (net.js:1086:14)
25 silly fetchPackageMetaData  error for localhost-server { Error: connect ETIMEDOUT 151.101.48.162:443
25 silly fetchPackageMetaData     at Object.exports._errnoException (util.js:1018:11)
25 silly fetchPackageMetaData     at exports._exceptionWithHostPort (util.js:1041:20)
25 silly fetchPackageMetaData     at TCPConnectWrap.afterConnect [as oncomplete] (net.js:1086:14)
25 silly fetchPackageMetaData   code: 'ETIMEDOUT',
25 silly fetchPackageMetaData   errno: 'ETIMEDOUT',
25 silly fetchPackageMetaData   syscall: 'connect',
25 silly fetchPackageMetaData   address: '151.101.48.162',
25 silly fetchPackageMetaData   port: 443 }
26 silly rollbackFailedOptional Starting
27 silly rollbackFailedOptional Finishing
28 silly runTopLevelLifecycles Finishing
29 silly install printInstalled
30 verbose stack Error: connect ETIMEDOUT 151.101.48.162:443
30 verbose stack     at Object.exports._errnoException (util.js:1018:11)
30 verbose stack     at exports._exceptionWithHostPort (util.js:1041:20)
30 verbose stack     at TCPConnectWrap.afterConnect [as oncomplete] (net.js:1086:14)
31 verbose cwd C:\Users\p_912365\Documents\Estudos\flexbox-origamid\3-1-flexblog-html-1_arquivos\inicio\flexblog
32 error Windows_NT 10.0.14393
33 error argv "C:\\Program Files\\nodejs\\node.exe" "C:\\Program Files\\nodejs\\node_modules\\npm\\bin\\npm-cli.js" "install" "-g" "localhost-server"
34 error node v6.11.0
35 error npm  v3.10.10
36 error code ETIMEDOUT
37 error errno ETIMEDOUT
38 error syscall connect
39 error network connect ETIMEDOUT 151.101.48.162:443
40 error network This is most likely not a problem with npm itself
40 error network and is related to network connectivity.
40 error network In most cases you are behind a proxy or have bad network settings.
40 error network
40 error network If you are behind a proxy, please make sure that the
40 error network 'proxy' config is set properly.  See: 'npm help config'
41 verbose exit [ 1, true ]
